Using pre-set license
Built from '2021.3/staging' branch; Version is '2021.3.19f1 (c9714fde33b6) revision 13201743'; Using compiler version '192829333'; Build Type 'Release'
OS: 'Windows 10  (10.0.19045) 64bit Professional' Language: 'ru' Physical Memory: 16313 MB
BatchMode: 1, IsHumanControllingUs: 0, StartBugReporterOnCrash: 0, Is64bit: 1, IsPro: 1

COMMAND LINE ARGUMENTS:
C:\Program Files\Unity\Hub\Editor\2021.3.19f1\Editor\Unity.exe
-adb2
-batchMode
-noUpm
-name
AssetImportWorker0
-projectPath
E:/test1/Game_test1
-logFile
Logs/AssetImportWorker0.log
-srvPort
59899
Successfully changed project path to: E:/test1/Game_test1
E:/test1/Game_test1
[UnityMemory] Configuration Parameters - Can be set up in boot.config
    "memorysetup-bucket-allocator-granularity=16"
    "memorysetup-bucket-allocator-bucket-count=8"
    "memorysetup-bucket-allocator-block-size=33554432"
    "memorysetup-bucket-allocator-block-count=8"
    "memorysetup-main-allocator-block-size=16777216"
    "memorysetup-thread-allocator-block-size=16777216"
    "memorysetup-gfx-main-allocator-block-size=16777216"
    "memorysetup-gfx-thread-allocator-block-size=16777216"
    "memorysetup-cache-allocator-block-size=4194304"
    "memorysetup-typetree-allocator-block-size=2097152"
    "memorysetup-profiler-bucket-allocator-granularity=16"
    "memorysetup-profiler-bucket-allocator-bucket-count=8"
    "memorysetup-profiler-bucket-allocator-block-size=33554432"
    "memorysetup-profiler-bucket-allocator-block-count=8"
    "memorysetup-profiler-allocator-block-size=16777216"
    "memorysetup-profiler-editor-allocator-block-size=1048576"
    "memorysetup-temp-allocator-size-main=16777216"
    "memorysetup-job-temp-allocator-block-size=2097152"
    "memorysetup-job-temp-allocator-block-size-background=1048576"
    "memorysetup-job-temp-allocator-reduction-small-platforms=262144"
    "memorysetup-temp-allocator-size-background-worker=32768"
    "memorysetup-temp-allocator-size-job-worker=262144"
    "memorysetup-temp-allocator-size-preload-manager=33554432"
    "memorysetup-temp-allocator-size-nav-mesh-worker=65536"
    "memorysetup-temp-allocator-size-audio-worker=65536"
    "memorysetup-temp-allocator-size-cloud-worker=32768"
    "memorysetup-temp-allocator-size-gi-baking-worker=262144"
    "memorysetup-temp-allocator-size-gfx=262144"
Player connection [26484] Host "[IP] 192.168.0.104 [Port] 0 [Flags] 2 [Guid] 405001409 [EditorId] 405001409 [Version] 1048832 [Id] WindowsEditor(7,DESKTOP-DIUFCM0) [Debug] 1 [PackageName] WindowsEditor [ProjectName] Editor" joined multi-casting on [225.0.0.222:54997]...

Player connection [26484] Host "[IP] 192.168.0.104 [Port] 0 [Flags] 2 [Guid] 405001409 [EditorId] 405001409 [Version] 1048832 [Id] WindowsEditor(7,DESKTOP-DIUFCM0) [Debug] 1 [PackageName] WindowsEditor [ProjectName] Editor" joined alternative multi-casting on [225.0.0.222:34997]...

Refreshing native plugins compatible for Editor in 123.68 ms, found 9 plugins.
Preloading 0 native plugins for Editor in 0.00 ms.
Initialize engine version: 2021.3.19f1 (c9714fde33b6)
[Subsystems] Discovering subsystems at path C:/Program Files/Unity/Hub/Editor/2021.3.19f1/Editor/Data/Resources/UnitySubsystems
[Subsystems] Discovering subsystems at path E:/test1/Game_test1/Assets
GfxDevice: creating device client; threaded=0; jobified=0
Direct3D:
    Version:  Direct3D 11.0 [level 11.1]
    Renderer: NVIDIA GeForce GTX 1070 (ID=0x1b81)
    Vendor:   NVIDIA
    VRAM:     8088 MB
    Driver:   31.0.15.1694
Initialize mono
Mono path[0] = 'C:/Program Files/Unity/Hub/Editor/2021.3.19f1/Editor/Data/Managed'
Mono path[1] = 'C:/Program Files/Unity/Hub/Editor/2021.3.19f1/Editor/Data/MonoBleedingEdge/lib/mono/unityjit-win32'
Mono config path = 'C:/Program Files/Unity/Hub/Editor/2021.3.19f1/Editor/Data/MonoBleedingEdge/etc'
Using monoOptions --debugger-agent=transport=dt_socket,embedding=1,server=y,suspend=n,address=127.0.0.1:56600
Begin MonoManager ReloadAssembly
Registering precompiled unity dll's ...
Register platform support module: C:/Program Files/Unity/Hub/Editor/2021.3.19f1/Editor/Data/PlaybackEngines/WebGLSupport/UnityEditor.WebGL.Extensions.dll
Register platform support module: C:/Program Files/Unity/Hub/Editor/2021.3.19f1/Editor/Data/PlaybackEngines/WindowsStandaloneSupport/UnityEditor.WindowsStandalone.Extensions.dll
Registered in 0.006962 seconds.
Native extension for WindowsStandalone target not found
Native extension for WebGL target not found
Refreshing native plugins compatible for Editor in 116.70 ms, found 9 plugins.
Preloading 0 native plugins for Editor in 0.00 ms.
Mono: successfully reloaded assembly
- Completed reload, in  0.634 seconds
Domain Reload Profiling:
	ReloadAssembly (635ms)
		BeginReloadAssembly (65ms)
			ExecutionOrderSort (0ms)
			DisableScriptedObjects (0ms)
			BackupInstance (0ms)
			ReleaseScriptingObjects (0ms)
			CreateAndSetChildDomain (1ms)
		EndReloadAssembly (462ms)
			LoadAssemblies (63ms)
			RebuildTransferFunctionScriptingTraits (0ms)
			SetupTypeCache (101ms)
			ReleaseScriptCaches (0ms)
			RebuildScriptCaches (25ms)
			SetupLoadedEditorAssemblies (285ms)
				LogAssemblyErrors (0ms)
				InitializePlatformSupportModulesInManaged (9ms)
				SetLoadedEditorAssemblies (0ms)
				RefreshPlugins (117ms)
				BeforeProcessingInitializeOnLoad (1ms)
				ProcessInitializeOnLoadAttributes (111ms)
				ProcessInitializeOnLoadMethodAttributes (48ms)
				AfterProcessingInitializeOnLoad (0ms)
				EditorAssembliesLoaded (0ms)
			ExecutionOrderSort2 (0ms)
			AwakeInstancesAfterBackupRestoration (0ms)
Platform modules already initialized, skipping
Registering precompiled user dll's ...
Registered in 0.005674 seconds.
Begin MonoManager ReloadAssembly
Symbol file LoadedFromMemory doesn't match image E:\test1\Game_test1\Library\PackageCache\com.unity.visualscripting@1.8.0\Editor\VisualScripting.Core\Dependencies\DotNetZip\Unity.VisualScripting.IonicZip.dll
Symbol file LoadedFromMemory doesn't match image E:\test1\Game_test1\Library\PackageCache\com.unity.visualscripting@1.8.0\Editor\VisualScripting.Core\Dependencies\YamlDotNet\Unity.VisualScripting.YamlDotNet.dll
Native extension for WindowsStandalone target not found
Native extension for WebGL target not found
Refreshing native plugins compatible for Editor in 121.34 ms, found 9 plugins.
Preloading 0 native plugins for Editor in 0.00 ms.
Package Manager log level set to [2]
Mono: successfully reloaded assembly
- Completed reload, in  1.363 seconds
Domain Reload Profiling:
	ReloadAssembly (1364ms)
		BeginReloadAssembly (103ms)
			ExecutionOrderSort (0ms)
			DisableScriptedObjects (6ms)
			BackupInstance (0ms)
			ReleaseScriptingObjects (0ms)
			CreateAndSetChildDomain (18ms)
		EndReloadAssembly (1148ms)
			LoadAssemblies (80ms)
			RebuildTransferFunctionScriptingTraits (0ms)
			SetupTypeCache (283ms)
			ReleaseScriptCaches (1ms)
			RebuildScriptCaches (72ms)
			SetupLoadedEditorAssemblies (663ms)
				LogAssemblyErrors (0ms)
				InitializePlatformSupportModulesInManaged (6ms)
				SetLoadedEditorAssemblies (0ms)
				RefreshPlugins (121ms)
				BeforeProcessingInitializeOnLoad (125ms)
				ProcessInitializeOnLoadAttributes (312ms)
				ProcessInitializeOnLoadMethodAttributes (91ms)
				AfterProcessingInitializeOnLoad (7ms)
				EditorAssembliesLoaded (0ms)
			ExecutionOrderSort2 (0ms)
			AwakeInstancesAfterBackupRestoration (7ms)
Platform modules already initialized, skipping
========================================================================
Worker process is ready to serve import requests
Launched and connected shader compiler UnityShaderCompiler.exe after 0.03 seconds
Refreshing native plugins compatible for Editor in 1.08 ms, found 9 plugins.
Preloading 0 native plugins for Editor in 0.00 ms.
Unloading 5884 Unused Serialized files (Serialized files now loaded: 0)
Unloading 76 unused Assets / (1.9 MB). Loaded Objects now: 6338.
Memory consumption went from 251.7 MB to 249.8 MB.
Total: 3.928100 ms (FindLiveObjects: 0.471600 ms CreateObjectMapping: 0.373800 ms MarkObjects: 2.611300 ms  DeleteObjects: 0.470800 ms)

AssetImportParameters requested are different than current active one (requested -> active):
  custom:video-decoder-ogg-theora: a1e56fd34408186e4bbccfd4996cb3dc -> 
  custom:container-muxer-webm: aa71ff27fc2769a1b78a27578f13a17b -> 
  custom:container-demuxer-webm: 4f35f7cbe854078d1ac9338744f61a02 -> 
  custom:video-encoder-webm-vp8: eb34c28f22e8b96e1ab97ce403110664 -> 
  custom:audio-encoder-webm-vorbis: bf7c407c2cedff20999df2af8eb42d56 -> 
  custom:framework-win-MediaFoundation: 216162199b28c13a410421893ffa2e32 -> 
  custom:container-demuxer-ogg: 62fdf1f143b41e24485cea50d1cbac27 -> 
  custom:video-decoder-webm-vp8: 9c59270c3fd7afecdb556c50c9e8de78 -> 
  custom:audio-decoder-ogg-vorbis: bf7c407c2cedff20999df2af8eb42d56 -> 
========================================================================
Received Import Request.
  Time since last request: 105247.572472 seconds.
  path: Assets/Nature Low-Poly Pack By TexTheMess/Demo.unity
  artifactKey: Guid(9fc0d4010bbf28b4594072e72b8655ab) Importer(815301076,1909f56bfc062723c751e8b465ee728b)
Start importing Assets/Nature Low-Poly Pack By TexTheMess/Demo.unity using Guid(9fc0d4010bbf28b4594072e72b8655ab) Importer(815301076,1909f56bfc062723c751e8b465ee728b)  -> (artifact id: '07e42182956284683d3c7f2b3a5f3b6b') in 0.015204 seconds 
========================================================================
Received Import Request.
  Time since last request: 0.879826 seconds.
  path: Assets/Nature Low-Poly Pack By TexTheMess/Documentation.txt
  artifactKey: Guid(7399a371c1e342c41a2baaeb806d05ce) Importer(815301076,1909f56bfc062723c751e8b465ee728b)
Start importing Assets/Nature Low-Poly Pack By TexTheMess/Documentation.txt using Guid(7399a371c1e342c41a2baaeb806d05ce) Importer(815301076,1909f56bfc062723c751e8b465ee728b)  -> (artifact id: '96b911ab97398ff43dcc53f79fc40e2d') in 0.035264 seconds 
========================================================================
Received Import Request.
  Time since last request: 0.726735 seconds.
  path: Assets/Nature Low-Poly Pack By TexTheMess/Stone Wall Models
  artifactKey: Guid(9765f38abdccb7a418ec0dd3b7f57258) Importer(815301076,1909f56bfc062723c751e8b465ee728b)
Start importing Assets/Nature Low-Poly Pack By TexTheMess/Stone Wall Models using Guid(9765f38abdccb7a418ec0dd3b7f57258) Importer(815301076,1909f56bfc062723c751e8b465ee728b)  -> (artifact id: 'a8c1cccce1f70d4bac020fb94fed3cba') in 0.007332 seconds 
========================================================================
Received Import Request.
  Time since last request: 0.060609 seconds.
  path: Assets/Nature Low-Poly Pack By TexTheMess/Stone Wall Models/Broken Wall.fbx
  artifactKey: Guid(73b1e73e63841d34696c804cb0f7f958) Importer(815301076,1909f56bfc062723c751e8b465ee728b)
Start importing Assets/Nature Low-Poly Pack By TexTheMess/Stone Wall Models/Broken Wall.fbx using Guid(73b1e73e63841d34696c804cb0f7f958) Importer(815301076,1909f56bfc062723c751e8b465ee728b)  -> (artifact id: 'd4231cdc8ad1c69268e9938222ea897f') in 0.308496 seconds 
========================================================================
Received Import Request.
  Time since last request: 0.000024 seconds.
  path: Assets/Nature Low-Poly Pack By TexTheMess/Stone Wall Models/Single Small Brick.fbx
  artifactKey: Guid(3509c28e31f6a0e4cae7f04e064c91f2) Importer(815301076,1909f56bfc062723c751e8b465ee728b)
Start importing Assets/Nature Low-Poly Pack By TexTheMess/Stone Wall Models/Single Small Brick.fbx using Guid(3509c28e31f6a0e4cae7f04e064c91f2) Importer(815301076,1909f56bfc062723c751e8b465ee728b)  -> (artifact id: '0b61a679d556ed01bcb1fdd6fa49d6fd') in 0.028380 seconds 
========================================================================
Received Import Request.
  Time since last request: 0.000035 seconds.
  path: Assets/Nature Low-Poly Pack By TexTheMess/Stone Wall Models/Full Wall Broken.fbx
  artifactKey: Guid(6784ce7f31dbe1640887cdcf2ed979ae) Importer(815301076,1909f56bfc062723c751e8b465ee728b)
Start importing Assets/Nature Low-Poly Pack By TexTheMess/Stone Wall Models/Full Wall Broken.fbx using Guid(6784ce7f31dbe1640887cdcf2ed979ae) Importer(815301076,1909f56bfc062723c751e8b465ee728b)  -> (artifact id: '31545c012729eaa18e6999c2bce8cdcc') in 0.035300 seconds 
========================================================================
Received Import Request.
  Time since last request: 2.504612 seconds.
  path: Assets/Nature Low-Poly Pack By TexTheMess/Stone Wall Models/Materials
  artifactKey: Guid(49c4d31a4f5042243b2289acbd729788) Importer(815301076,1909f56bfc062723c751e8b465ee728b)
Start importing Assets/Nature Low-Poly Pack By TexTheMess/Stone Wall Models/Materials using Guid(49c4d31a4f5042243b2289acbd729788) Importer(815301076,1909f56bfc062723c751e8b465ee728b)  -> (artifact id: 'afb85f0bb4c7a0397ea833fd85eedb94') in 0.006068 seconds 
========================================================================
Received Import Request.
  Time since last request: 0.062536 seconds.
  path: Assets/Nature Low-Poly Pack By TexTheMess/Stone Wall Models/Materials/Material.mat
  artifactKey: Guid(b7051bcfc85f64341bbd028e9845a135) Importer(815301076,1909f56bfc062723c751e8b465ee728b)
Start importing Assets/Nature Low-Poly Pack By TexTheMess/Stone Wall Models/Materials/Material.mat using Guid(b7051bcfc85f64341bbd028e9845a135) Importer(815301076,1909f56bfc062723c751e8b465ee728b)  -> (artifact id: '4fc3dcfbe749ab91ecce8f714bf57693') in 0.013485 seconds 
========================================================================
Received Import Request.
  Time since last request: 3.499087 seconds.
  path: Assets/Nature Low-Poly Pack By TexTheMess/Nature Models/FBX/berry bush 2.fbx
  artifactKey: Guid(1f56fcde0783bc7409e068236204e5d0) Importer(815301076,1909f56bfc062723c751e8b465ee728b)
Start importing Assets/Nature Low-Poly Pack By TexTheMess/Nature Models/FBX/berry bush 2.fbx using Guid(1f56fcde0783bc7409e068236204e5d0) Importer(815301076,1909f56bfc062723c751e8b465ee728b)  -> (artifact id: '96229da99b88b23505a8e8ff8f0a1e60') in 0.038802 seconds 
========================================================================
Received Import Request.
  Time since last request: 0.000024 seconds.
  path: Assets/Nature Low-Poly Pack By TexTheMess/Nature Models/FBX/tree no leaves.fbx
  artifactKey: Guid(7c314a32b1054c54eac966ffe78afe61) Importer(815301076,1909f56bfc062723c751e8b465ee728b)
Start importing Assets/Nature Low-Poly Pack By TexTheMess/Nature Models/FBX/tree no leaves.fbx using Guid(7c314a32b1054c54eac966ffe78afe61) Importer(815301076,1909f56bfc062723c751e8b465ee728b)  -> (artifact id: 'c17d53e1f436b476e1ab4d76f7992b6e') in 0.027885 seconds 
========================================================================
Received Import Request.
  Time since last request: 0.000030 seconds.
  path: Assets/Nature Low-Poly Pack By TexTheMess/Nature Models/FBX/grass 1.fbx
  artifactKey: Guid(731f73f70724d9640b5a63b78d2d49ea) Importer(815301076,1909f56bfc062723c751e8b465ee728b)
Start importing Assets/Nature Low-Poly Pack By TexTheMess/Nature Models/FBX/grass 1.fbx using Guid(731f73f70724d9640b5a63b78d2d49ea) Importer(815301076,1909f56bfc062723c751e8b465ee728b)  -> (artifact id: 'ded46bfc37cbf878aa281cab13ac8e9c') in 0.026512 seconds 
========================================================================
Received Import Request.
  Time since last request: 0.000023 seconds.
  path: Assets/Nature Low-Poly Pack By TexTheMess/Nature Models/FBX/sign 1.fbx
  artifactKey: Guid(d7468c1b70eaa614a9bb65b9463ae5cb) Importer(815301076,1909f56bfc062723c751e8b465ee728b)
Start importing Assets/Nature Low-Poly Pack By TexTheMess/Nature Models/FBX/sign 1.fbx using Guid(d7468c1b70eaa614a9bb65b9463ae5cb) Importer(815301076,1909f56bfc062723c751e8b465ee728b)  -> (artifact id: '9d9fe6db6d4b4e511bb7d1b1bac117e8') in 0.019142 seconds 
========================================================================
Received Import Request.
  Time since last request: 0.000032 seconds.
  path: Assets/Nature Low-Poly Pack By TexTheMess/Nature Models/FBX/fence posts.fbx
  artifactKey: Guid(49f4ec5d66d1936498333ed298818b1e) Importer(815301076,1909f56bfc062723c751e8b465ee728b)
Start importing Assets/Nature Low-Poly Pack By TexTheMess/Nature Models/FBX/fence posts.fbx using Guid(49f4ec5d66d1936498333ed298818b1e) Importer(815301076,1909f56bfc062723c751e8b465ee728b)  -> (artifact id: '2f2b0e3a5054c60a8884743a9b6a1ab3') in 0.023113 seconds 
========================================================================
Received Import Request.
  Time since last request: 0.000026 seconds.
  path: Assets/Nature Low-Poly Pack By TexTheMess/Nature Models/FBX/fence.fbx
  artifactKey: Guid(d825004166791fd4d8b235fcaaca45ba) Importer(815301076,1909f56bfc062723c751e8b465ee728b)
Start importing Assets/Nature Low-Poly Pack By TexTheMess/Nature Models/FBX/fence.fbx using Guid(d825004166791fd4d8b235fcaaca45ba) Importer(815301076,1909f56bfc062723c751e8b465ee728b)  -> (artifact id: '2025bf7897e45a3aabcfc7537a3f2874') in 0.032996 seconds 
========================================================================
Received Import Request.
  Time since last request: 0.000031 seconds.
  path: Assets/Nature Low-Poly Pack By TexTheMess/Nature Models/FBX/log half.fbx
  artifactKey: Guid(dca688bb6c57cf54f970670f283c4716) Importer(815301076,1909f56bfc062723c751e8b465ee728b)
Start importing Assets/Nature Low-Poly Pack By TexTheMess/Nature Models/FBX/log half.fbx using Guid(dca688bb6c57cf54f970670f283c4716) Importer(815301076,1909f56bfc062723c751e8b465ee728b)  -> (artifact id: '6d7db18871f6aa10a4f275c0b06f48c1') in 0.030041 seconds 
========================================================================
Received Import Request.
  Time since last request: 0.000026 seconds.
  path: Assets/Nature Low-Poly Pack By TexTheMess/Nature Models/FBX/tree 2.fbx
  artifactKey: Guid(78aa74c53d9dc6940857b75bd803bf9c) Importer(815301076,1909f56bfc062723c751e8b465ee728b)
Start importing Assets/Nature Low-Poly Pack By TexTheMess/Nature Models/FBX/tree 2.fbx using Guid(78aa74c53d9dc6940857b75bd803bf9c) Importer(815301076,1909f56bfc062723c751e8b465ee728b)  -> (artifact id: 'e2d40fdb682361d637f0453a3ac5012b') in 0.032937 seconds 
========================================================================
Received Import Request.
  Time since last request: 0.000034 seconds.
  path: Assets/Nature Low-Poly Pack By TexTheMess/Nature Models/FBX/tree 3.fbx
  artifactKey: Guid(f6c95c44425cf024c93228681908dfcc) Importer(815301076,1909f56bfc062723c751e8b465ee728b)
Start importing Assets/Nature Low-Poly Pack By TexTheMess/Nature Models/FBX/tree 3.fbx using Guid(f6c95c44425cf024c93228681908dfcc) Importer(815301076,1909f56bfc062723c751e8b465ee728b)  -> (artifact id: '2e8a0eeca73bfc427620151cc3ecada1') in 0.030420 seconds 
========================================================================
Received Import Request.
  Time since last request: 0.000022 seconds.
  path: Assets/Nature Low-Poly Pack By TexTheMess/Nature Models/FBX/pine tree 2.fbx
  artifactKey: Guid(4bfcc6b28bc494349b88dd14b3ad45c1) Importer(815301076,1909f56bfc062723c751e8b465ee728b)
Start importing Assets/Nature Low-Poly Pack By TexTheMess/Nature Models/FBX/pine tree 2.fbx using Guid(4bfcc6b28bc494349b88dd14b3ad45c1) Importer(815301076,1909f56bfc062723c751e8b465ee728b)  -> (artifact id: '7fbb6c9d1e59c4690edd4b26ddcc7f77') in 0.030573 seconds 
========================================================================
Received Import Request.
  Time since last request: 0.000018 seconds.
  path: Assets/Nature Low-Poly Pack By TexTheMess/Nature Models/FBX/rock 4.fbx
  artifactKey: Guid(5c9b68b0cf79ea04797b40bdbe7f65c7) Importer(815301076,1909f56bfc062723c751e8b465ee728b)
Start importing Assets/Nature Low-Poly Pack By TexTheMess/Nature Models/FBX/rock 4.fbx using Guid(5c9b68b0cf79ea04797b40bdbe7f65c7) Importer(815301076,1909f56bfc062723c751e8b465ee728b)  -> (artifact id: '02b19219b7f6b3a768baabb328b42780') in 0.028511 seconds 
========================================================================
Received Import Request.
  Time since last request: 0.000019 seconds.
  path: Assets/Nature Low-Poly Pack By TexTheMess/Nature Models/FBX/rock 1.fbx
  artifactKey: Guid(363c8115638d68c4a9cad6758c7f8b08) Importer(815301076,1909f56bfc062723c751e8b465ee728b)
Start importing Assets/Nature Low-Poly Pack By TexTheMess/Nature Models/FBX/rock 1.fbx using Guid(363c8115638d68c4a9cad6758c7f8b08) Importer(815301076,1909f56bfc062723c751e8b465ee728b)  -> (artifact id: 'e3d2de572c8460735943f3a62c695a47') in 0.028820 seconds 
========================================================================
Received Import Request.
  Time since last request: 0.000029 seconds.
  path: Assets/Nature Low-Poly Pack By TexTheMess/Nature Models/FBX/sign 2.fbx
  artifactKey: Guid(923bc182c3d8abb458a96cfdbadbc7d8) Importer(815301076,1909f56bfc062723c751e8b465ee728b)
Start importing Assets/Nature Low-Poly Pack By TexTheMess/Nature Models/FBX/sign 2.fbx using Guid(923bc182c3d8abb458a96cfdbadbc7d8) Importer(815301076,1909f56bfc062723c751e8b465ee728b)  -> (artifact id: 'd2138dd9a3a0f8db4d5d49954d69b139') in 0.031659 seconds 
========================================================================
Received Prepare
Registering precompiled user dll's ...
Registered in 0.005432 seconds.
Begin MonoManager ReloadAssembly
Symbol file LoadedFromMemory doesn't match image E:\test1\Game_test1\Library\PackageCache\com.unity.visualscripting@1.8.0\Editor\VisualScripting.Core\Dependencies\DotNetZip\Unity.VisualScripting.IonicZip.dll
Symbol file LoadedFromMemory doesn't match image E:\test1\Game_test1\Library\PackageCache\com.unity.visualscripting@1.8.0\Editor\VisualScripting.Core\Dependencies\YamlDotNet\Unity.VisualScripting.YamlDotNet.dll
Native extension for WindowsStandalone target not found
Native extension for WebGL target not found
Refreshing native plugins compatible for Editor in 1.07 ms, found 9 plugins.
Preloading 0 native plugins for Editor in 0.00 ms.
Mono: successfully reloaded assembly
- Completed reload, in  1.201 seconds
Domain Reload Profiling:
	ReloadAssembly (1202ms)
		BeginReloadAssembly (136ms)
			ExecutionOrderSort (0ms)
			DisableScriptedObjects (7ms)
			BackupInstance (0ms)
			ReleaseScriptingObjects (0ms)
			CreateAndSetChildDomain (41ms)
		EndReloadAssembly (970ms)
			LoadAssemblies (83ms)
			RebuildTransferFunctionScriptingTraits (0ms)
			SetupTypeCache (278ms)
			ReleaseScriptCaches (2ms)
			RebuildScriptCaches (44ms)
			SetupLoadedEditorAssemblies (473ms)
				LogAssemblyErrors (0ms)
				InitializePlatformSupportModulesInManaged (13ms)
				SetLoadedEditorAssemblies (0ms)
				RefreshPlugins (1ms)
				BeforeProcessingInitializeOnLoad (89ms)
				ProcessInitializeOnLoadAttributes (268ms)
				ProcessInitializeOnLoadMethodAttributes (91ms)
				AfterProcessingInitializeOnLoad (11ms)
				EditorAssembliesLoaded (0ms)
			ExecutionOrderSort2 (0ms)
			AwakeInstancesAfterBackupRestoration (20ms)
Platform modules already initialized, skipping
Refreshing native plugins compatible for Editor in 4.00 ms, found 9 plugins.
Preloading 0 native plugins for Editor in 0.00 ms.
Unloading 5737 Unused Serialized files (Serialized files now loaded: 0)
Unloading 66 unused Assets / (1.9 MB). Loaded Objects now: 6440.
Memory consumption went from 258.5 MB to 256.6 MB.
Total: 4.182300 ms (FindLiveObjects: 0.479800 ms CreateObjectMapping: 0.394500 ms MarkObjects: 2.714100 ms  DeleteObjects: 0.593000 ms)

AssetImportParameters requested are different than current active one (requested -> active):
  custom:video-decoder-ogg-theora: a1e56fd34408186e4bbccfd4996cb3dc -> 
  custom:container-muxer-webm: aa71ff27fc2769a1b78a27578f13a17b -> 
  custom:container-demuxer-webm: 4f35f7cbe854078d1ac9338744f61a02 -> 
  custom:video-encoder-webm-vp8: eb34c28f22e8b96e1ab97ce403110664 -> 
  custom:audio-encoder-webm-vorbis: bf7c407c2cedff20999df2af8eb42d56 -> 
  custom:framework-win-MediaFoundation: 216162199b28c13a410421893ffa2e32 -> 
  custom:container-demuxer-ogg: 62fdf1f143b41e24485cea50d1cbac27 -> 
  custom:video-decoder-webm-vp8: 9c59270c3fd7afecdb556c50c9e8de78 -> 
  custom:audio-decoder-ogg-vorbis: bf7c407c2cedff20999df2af8eb42d56 -> 
========================================================================
Received Import Request.
  Time since last request: 175.889354 seconds.
  path: Assets/IgniteCoders/Simple Water Shader/Resources/Water_mat_02.mat
  artifactKey: Guid(8759ec410a6774b4ea13ae32dc2b8d2e) Importer(815301076,1909f56bfc062723c751e8b465ee728b)
Start importing Assets/IgniteCoders/Simple Water Shader/Resources/Water_mat_02.mat using Guid(8759ec410a6774b4ea13ae32dc2b8d2e) Importer(815301076,1909f56bfc062723c751e8b465ee728b)  -> (artifact id: '66ceae41011381ff996ec4c249280a3b') in 0.201173 seconds 
========================================================================
Received Prepare
Registering precompiled user dll's ...
Registered in 0.005162 seconds.
Begin MonoManager ReloadAssembly
Symbol file LoadedFromMemory doesn't match image E:\test1\Game_test1\Library\PackageCache\com.unity.visualscripting@1.8.0\Editor\VisualScripting.Core\Dependencies\DotNetZip\Unity.VisualScripting.IonicZip.dll
Symbol file LoadedFromMemory doesn't match image E:\test1\Game_test1\Library\PackageCache\com.unity.visualscripting@1.8.0\Editor\VisualScripting.Core\Dependencies\YamlDotNet\Unity.VisualScripting.YamlDotNet.dll
Native extension for WindowsStandalone target not found
Native extension for WebGL target not found
Refreshing native plugins compatible for Editor in 1.06 ms, found 9 plugins.
Preloading 0 native plugins for Editor in 0.00 ms.
Mono: successfully reloaded assembly
- Completed reload, in  1.226 seconds
Domain Reload Profiling:
	ReloadAssembly (1227ms)
		BeginReloadAssembly (133ms)
			ExecutionOrderSort (0ms)
			DisableScriptedObjects (6ms)
			BackupInstance (0ms)
			ReleaseScriptingObjects (0ms)
			CreateAndSetChildDomain (39ms)
		EndReloadAssembly (1002ms)
			LoadAssemblies (80ms)
			RebuildTransferFunctionScriptingTraits (0ms)
			SetupTypeCache (324ms)
			ReleaseScriptCaches (2ms)
			RebuildScriptCaches (62ms)
			SetupLoadedEditorAssemblies (448ms)
				LogAssemblyErrors (0ms)
				InitializePlatformSupportModulesInManaged (13ms)
				SetLoadedEditorAssemblies (0ms)
				RefreshPlugins (1ms)
				BeforeProcessingInitializeOnLoad (79ms)
				ProcessInitializeOnLoadAttributes (256ms)
				ProcessInitializeOnLoadMethodAttributes (92ms)
				AfterProcessingInitializeOnLoad (7ms)
				EditorAssembliesLoaded (0ms)
			ExecutionOrderSort2 (0ms)
			AwakeInstancesAfterBackupRestoration (20ms)
Platform modules already initialized, skipping
Refreshing native plugins compatible for Editor in 4.00 ms, found 9 plugins.
Preloading 0 native plugins for Editor in 0.00 ms.
Unloading 5737 Unused Serialized files (Serialized files now loaded: 0)
Unloading 66 unused Assets / (1.9 MB). Loaded Objects now: 6485.
Memory consumption went from 258.6 MB to 256.7 MB.
Total: 3.984500 ms (FindLiveObjects: 0.423800 ms CreateObjectMapping: 0.344700 ms MarkObjects: 2.716100 ms  DeleteObjects: 0.498700 ms)

AssetImportParameters requested are different than current active one (requested -> active):
  custom:video-decoder-ogg-theora: a1e56fd34408186e4bbccfd4996cb3dc -> 
  custom:container-muxer-webm: aa71ff27fc2769a1b78a27578f13a17b -> 
  custom:container-demuxer-webm: 4f35f7cbe854078d1ac9338744f61a02 -> 
  custom:video-encoder-webm-vp8: eb34c28f22e8b96e1ab97ce403110664 -> 
  custom:audio-encoder-webm-vorbis: bf7c407c2cedff20999df2af8eb42d56 -> 
  custom:framework-win-MediaFoundation: 216162199b28c13a410421893ffa2e32 -> 
  custom:container-demuxer-ogg: 62fdf1f143b41e24485cea50d1cbac27 -> 
  custom:video-decoder-webm-vp8: 9c59270c3fd7afecdb556c50c9e8de78 -> 
  custom:audio-decoder-ogg-vorbis: bf7c407c2cedff20999df2af8eb42d56 -> 
========================================================================
Received Prepare
Registering precompiled user dll's ...
Registered in 0.005449 seconds.
Begin MonoManager ReloadAssembly
Symbol file LoadedFromMemory doesn't match image E:\test1\Game_test1\Library\PackageCache\com.unity.visualscripting@1.8.0\Editor\VisualScripting.Core\Dependencies\DotNetZip\Unity.VisualScripting.IonicZip.dll
Symbol file LoadedFromMemory doesn't match image E:\test1\Game_test1\Library\PackageCache\com.unity.visualscripting@1.8.0\Editor\VisualScripting.Core\Dependencies\YamlDotNet\Unity.VisualScripting.YamlDotNet.dll
Native extension for WindowsStandalone target not found
Native extension for WebGL target not found
Refreshing native plugins compatible for Editor in 1.69 ms, found 9 plugins.
Preloading 0 native plugins for Editor in 0.00 ms.
Mono: successfully reloaded assembly
- Completed reload, in  1.191 seconds
Domain Reload Profiling:
	ReloadAssembly (1192ms)
		BeginReloadAssembly (122ms)
			ExecutionOrderSort (0ms)
			DisableScriptedObjects (5ms)
			BackupInstance (0ms)
			ReleaseScriptingObjects (0ms)
			CreateAndSetChildDomain (36ms)
		EndReloadAssembly (978ms)
			LoadAssemblies (79ms)
			RebuildTransferFunctionScriptingTraits (0ms)
			SetupTypeCache (279ms)
			ReleaseScriptCaches (2ms)
			RebuildScriptCaches (53ms)
			SetupLoadedEditorAssemblies (463ms)
				LogAssemblyErrors (0ms)
				InitializePlatformSupportModulesInManaged (17ms)
				SetLoadedEditorAssemblies (1ms)
				RefreshPlugins (2ms)
				BeforeProcessingInitializeOnLoad (80ms)
				ProcessInitializeOnLoadAttributes (271ms)
				ProcessInitializeOnLoadMethodAttributes (86ms)
				AfterProcessingInitializeOnLoad (7ms)
				EditorAssembliesLoaded (0ms)
			ExecutionOrderSort2 (0ms)
			AwakeInstancesAfterBackupRestoration (17ms)
Platform modules already initialized, skipping
Refreshing native plugins compatible for Editor in 4.04 ms, found 9 plugins.
Preloading 0 native plugins for Editor in 0.00 ms.
Unloading 5737 Unused Serialized files (Serialized files now loaded: 0)
Unloading 66 unused Assets / (1.9 MB). Loaded Objects now: 6489.
Memory consumption went from 258.5 MB to 256.6 MB.
Total: 4.085500 ms (FindLiveObjects: 0.450400 ms CreateObjectMapping: 0.376500 ms MarkObjects: 2.732000 ms  DeleteObjects: 0.525800 ms)

AssetImportParameters requested are different than current active one (requested -> active):
  custom:video-decoder-ogg-theora: a1e56fd34408186e4bbccfd4996cb3dc -> 
  custom:container-muxer-webm: aa71ff27fc2769a1b78a27578f13a17b -> 
  custom:container-demuxer-webm: 4f35f7cbe854078d1ac9338744f61a02 -> 
  custom:video-encoder-webm-vp8: eb34c28f22e8b96e1ab97ce403110664 -> 
  custom:audio-encoder-webm-vorbis: bf7c407c2cedff20999df2af8eb42d56 -> 
  custom:framework-win-MediaFoundation: 216162199b28c13a410421893ffa2e32 -> 
  custom:container-demuxer-ogg: 62fdf1f143b41e24485cea50d1cbac27 -> 
  custom:video-decoder-webm-vp8: 9c59270c3fd7afecdb556c50c9e8de78 -> 
  custom:audio-decoder-ogg-vorbis: bf7c407c2cedff20999df2af8eb42d56 -> 
========================================================================
Received Prepare
Registering precompiled user dll's ...
Registered in 0.005681 seconds.
Begin MonoManager ReloadAssembly
Symbol file LoadedFromMemory doesn't match image E:\test1\Game_test1\Library\PackageCache\com.unity.visualscripting@1.8.0\Editor\VisualScripting.Core\Dependencies\DotNetZip\Unity.VisualScripting.IonicZip.dll
Symbol file LoadedFromMemory doesn't match image E:\test1\Game_test1\Library\PackageCache\com.unity.visualscripting@1.8.0\Editor\VisualScripting.Core\Dependencies\YamlDotNet\Unity.VisualScripting.YamlDotNet.dll
Native extension for WindowsStandalone target not found
Native extension for WebGL target not found
Refreshing native plugins compatible for Editor in 1.29 ms, found 9 plugins.
Preloading 0 native plugins for Editor in 0.00 ms.
Mono: successfully reloaded assembly
- Completed reload, in  1.202 seconds
Domain Reload Profiling:
	ReloadAssembly (1202ms)
		BeginReloadAssembly (131ms)
			ExecutionOrderSort (0ms)
			DisableScriptedObjects (5ms)
			BackupInstance (0ms)
			ReleaseScriptingObjects (0ms)
			CreateAndSetChildDomain (33ms)
		EndReloadAssembly (975ms)
			LoadAssemblies (87ms)
			RebuildTransferFunctionScriptingTraits (0ms)
			SetupTypeCache (285ms)
			ReleaseScriptCaches (2ms)
			RebuildScriptCaches (43ms)
			SetupLoadedEditorAssemblies (473ms)
				LogAssemblyErrors (0ms)
				InitializePlatformSupportModulesInManaged (17ms)
				SetLoadedEditorAssemblies (0ms)
				RefreshPlugins (1ms)
				BeforeProcessingInitializeOnLoad (82ms)
				ProcessInitializeOnLoadAttributes (268ms)
				ProcessInitializeOnLoadMethodAttributes (95ms)
				AfterProcessingInitializeOnLoad (9ms)
				EditorAssembliesLoaded (0ms)
			ExecutionOrderSort2 (0ms)
			AwakeInstancesAfterBackupRestoration (20ms)
Platform modules already initialized, skipping
Refreshing native plugins compatible for Editor in 3.94 ms, found 9 plugins.
Preloading 0 native plugins for Editor in 0.00 ms.
Unloading 5737 Unused Serialized files (Serialized files now loaded: 0)
Unloading 66 unused Assets / (1.9 MB). Loaded Objects now: 6493.
Memory consumption went from 258.5 MB to 256.6 MB.
Total: 4.599600 ms (FindLiveObjects: 0.488200 ms CreateObjectMapping: 0.412100 ms MarkObjects: 3.035000 ms  DeleteObjects: 0.663200 ms)

AssetImportParameters requested are different than current active one (requested -> active):
  custom:video-decoder-ogg-theora: a1e56fd34408186e4bbccfd4996cb3dc -> 
  custom:container-muxer-webm: aa71ff27fc2769a1b78a27578f13a17b -> 
  custom:container-demuxer-webm: 4f35f7cbe854078d1ac9338744f61a02 -> 
  custom:video-encoder-webm-vp8: eb34c28f22e8b96e1ab97ce403110664 -> 
  custom:audio-encoder-webm-vorbis: bf7c407c2cedff20999df2af8eb42d56 -> 
  custom:framework-win-MediaFoundation: 216162199b28c13a410421893ffa2e32 -> 
  custom:container-demuxer-ogg: 62fdf1f143b41e24485cea50d1cbac27 -> 
  custom:video-decoder-webm-vp8: 9c59270c3fd7afecdb556c50c9e8de78 -> 
  custom:audio-decoder-ogg-vorbis: bf7c407c2cedff20999df2af8eb42d56 -> 
========================================================================
Received Import Request.
  Time since last request: 168.767962 seconds.
  path: Assets/DOWNLOAD models/-_-/TutorialInfo/Icons/Water Shader icon.PNG
  artifactKey: Guid(766a7edc5f25e3b4daafb5554da17927) Importer(815301076,1909f56bfc062723c751e8b465ee728b)
Start importing Assets/DOWNLOAD models/-_-/TutorialInfo/Icons/Water Shader icon.PNG using Guid(766a7edc5f25e3b4daafb5554da17927) Importer(815301076,1909f56bfc062723c751e8b465ee728b)  -> (artifact id: '79be1f29590676676ab8c123913c92b6') in 0.062191 seconds 
========================================================================
Received Import Request.
  Time since last request: 17.822963 seconds.
  path: Assets/DOWNLOAD models/-_-/Samples/XR Interaction Toolkit/2.3.0/Starter Assets/XRI Default Continuous Move.preset
  artifactKey: Guid(91f9da00cfdac5d49955df2d2d820b9c) Importer(815301076,1909f56bfc062723c751e8b465ee728b)
Start importing Assets/DOWNLOAD models/-_-/Samples/XR Interaction Toolkit/2.3.0/Starter Assets/XRI Default Continuous Move.preset using Guid(91f9da00cfdac5d49955df2d2d820b9c) Importer(815301076,1909f56bfc062723c751e8b465ee728b)  -> (artifact id: '8e7dea703ebc3694c8d4304eb9ee9a33') in 0.027833 seconds 
========================================================================
Received Import Request.
  Time since last request: 0.000023 seconds.
  path: Assets/DOWNLOAD models/-_-/Samples/XR Interaction Toolkit/2.3.0/Starter Assets/XRI Default Left Controller.preset
  artifactKey: Guid(ffd8268f7307a0c48a067dad4a8fe060) Importer(815301076,1909f56bfc062723c751e8b465ee728b)
Start importing Assets/DOWNLOAD models/-_-/Samples/XR Interaction Toolkit/2.3.0/Starter Assets/XRI Default Left Controller.preset using Guid(ffd8268f7307a0c48a067dad4a8fe060) Importer(815301076,1909f56bfc062723c751e8b465ee728b)  -> (artifact id: 'cce4b2193f3c8f18fd1ade61c40ad885') in 0.021779 seconds 
========================================================================
Received Import Request.
  Time since last request: 0.000020 seconds.
  path: Assets/DOWNLOAD models/-_-/Samples/XR Interaction Toolkit/2.3.0/Starter Assets/XRI Default Left Grab Move.preset
  artifactKey: Guid(e2e08fffc3edfbb47a429bae0c5a6343) Importer(815301076,1909f56bfc062723c751e8b465ee728b)
Start importing Assets/DOWNLOAD models/-_-/Samples/XR Interaction Toolkit/2.3.0/Starter Assets/XRI Default Left Grab Move.preset using Guid(e2e08fffc3edfbb47a429bae0c5a6343) Importer(815301076,1909f56bfc062723c751e8b465ee728b)  -> (artifact id: '3606d08018fd209f6561665da1e66c53') in 0.017152 seconds 
========================================================================
Received Import Request.
  Time since last request: 0.000024 seconds.
  path: Assets/DOWNLOAD models/-_-/Samples/XR Interaction Toolkit/2.3.0/Starter Assets/XRI Default Continuous Turn.preset
  artifactKey: Guid(0caad3af14f9a414dbdf25ed41e5aa47) Importer(815301076,1909f56bfc062723c751e8b465ee728b)
Start importing Assets/DOWNLOAD models/-_-/Samples/XR Interaction Toolkit/2.3.0/Starter Assets/XRI Default Continuous Turn.preset using Guid(0caad3af14f9a414dbdf25ed41e5aa47) Importer(815301076,1909f56bfc062723c751e8b465ee728b)  -> (artifact id: '327266097accc29fa268065c461e4ff1') in 0.016657 seconds 
========================================================================
Received Import Request.
  Time since last request: 0.000022 seconds.
  path: Assets/DOWNLOAD models/-_-/Samples/XR Interaction Toolkit/2.3.0/Starter Assets/XRI Default Right Grab Move.preset
  artifactKey: Guid(fdc4f514b7b1e9c4eb39713ad9dd4eba) Importer(815301076,1909f56bfc062723c751e8b465ee728b)
Start importing Assets/DOWNLOAD models/-_-/Samples/XR Interaction Toolkit/2.3.0/Starter Assets/XRI Default Right Grab Move.preset using Guid(fdc4f514b7b1e9c4eb39713ad9dd4eba) Importer(815301076,1909f56bfc062723c751e8b465ee728b)  -> (artifact id: '49ff51fbd01afc15147f06aa94af689e') in 0.015247 seconds 
Editor requested this worker to shutdown with reason: Scaling down because of idle timeout
AssetImportWorker is now disconnected from the server
Process exiting
Exiting without the bug reporter. Application will terminate with return code 0